{
  "stats": {
    "suites": 4,
    "tests": 10,
    "passes": 10,
    "pending": 0,
    "failures": 0,
    "start": "2023-04-22T06:02:47.378Z",
    "end": "2023-04-22T06:02:55.423Z",
    "duration": 8045,
    "testsRegistered": 10,
    "passPercent": 100,
    "pendingPercent": 0,
    "other": 0,
    "hasOther": false,
    "skipped": 0,
    "hasSkipped": false
  },
  "results": [
    {
      "uuid": "4a309bb7-700e-475d-8786-2408a76dddf5",
      "title": "",
      "fullFile": "cypress/e2e/01-04-tela-de-login.cy.js",
      "file": "cypress/e2e/01-04-tela-de-login.cy.js",
      "beforeHooks": [],
      "afterHooks": [],
      "tests": [],
      "suites": [
        {
          "uuid": "2ab46dd4-0da5-4ffa-a467-ce2a3c386a48",
          "title": "1 - [TELA DE LOGIN] Crie a tela de login, onde a pessoa que joga deve preencher as informações para iniciar um jogo",
          "fullFile": "",
          "file": "",
          "beforeHooks": [],
          "afterHooks": [],
          "tests": [
            {
              "title": "Será validado se é possível escrever o nome da pessoa jogadora",
              "fullTitle": "1 - [TELA DE LOGIN] Crie a tela de login, onde a pessoa que joga deve preencher as informações para iniciar um jogo Será validado se é possível escrever o nome da pessoa jogadora",
              "timedOut": null,
              "duration": 887,
              "state": "passed",
              "speed": "fast",
              "pass": true,
              "fail": false,
              "pending": false,
              "context": null,
              "code": "cy.get(INPUT_PLAYER_NAME_SELECTOR).type(PLAYER_NAME);",
              "err": {},
              "uuid": "1a6bc0e6-cbfa-41b3-94a4-9a124217dcd3",
              "parentUUID": "2ab46dd4-0da5-4ffa-a467-ce2a3c386a48",
              "isHook": false,
              "skipped": false
            },
            {
              "title": "Será validado se é possível escrever o email da pessoa jogadora",
              "fullTitle": "1 - [TELA DE LOGIN] Crie a tela de login, onde a pessoa que joga deve preencher as informações para iniciar um jogo Será validado se é possível escrever o email da pessoa jogadora",
              "timedOut": null,
              "duration": 467,
              "state": "passed",
              "speed": "fast",
              "pass": true,
              "fail": false,
              "pending": false,
              "context": null,
              "code": "cy.get(INPUT_PLAYER_EMAIL_SELECTOR).type(PLAYER_EMAIL);",
              "err": {},
              "uuid": "6349f738-d719-42fb-9c0f-f950f641c6c0",
              "parentUUID": "2ab46dd4-0da5-4ffa-a467-ce2a3c386a48",
              "isHook": false,
              "skipped": false
            },
            {
              "title": "Será validado se o botão \"Play\" está desabilitado quando a pessoa jogadora não preencher nenhum campo",
              "fullTitle": "1 - [TELA DE LOGIN] Crie a tela de login, onde a pessoa que joga deve preencher as informações para iniciar um jogo Será validado se o botão \"Play\" está desabilitado quando a pessoa jogadora não preencher nenhum campo",
              "timedOut": null,
              "duration": 88,
              "state": "passed",
              "speed": "fast",
              "pass": true,
              "fail": false,
              "pending": false,
              "context": null,
              "code": "cy.get(BUTTON_PLAY_SELECTOR).should('be.disabled');",
              "err": {},
              "uuid": "80ac03b3-4a7d-4e3c-b27e-1bb065108037",
              "parentUUID": "2ab46dd4-0da5-4ffa-a467-ce2a3c386a48",
              "isHook": false,
              "skipped": false
            },
            {
              "title": "Será validado se o botão \"Play\" está desabilitado quando a pessoa jogadora escrever apenas o nome",
              "fullTitle": "1 - [TELA DE LOGIN] Crie a tela de login, onde a pessoa que joga deve preencher as informações para iniciar um jogo Será validado se o botão \"Play\" está desabilitado quando a pessoa jogadora escrever apenas o nome",
              "timedOut": null,
              "duration": 490,
              "state": "passed",
              "speed": "fast",
              "pass": true,
              "fail": false,
              "pending": false,
              "context": null,
              "code": "cy.get(INPUT_PLAYER_NAME_SELECTOR).type(PLAYER_NAME);\ncy.get(BUTTON_PLAY_SELECTOR).should('be.disabled');",
              "err": {},
              "uuid": "07b581d1-98a8-430e-ab79-39ef6ae9f8dc",
              "parentUUID": "2ab46dd4-0da5-4ffa-a467-ce2a3c386a48",
              "isHook": false,
              "skipped": false
            },
            {
              "title": "Será validado se o botão \"Play\" está desabilitado quando a pessoa jogadora escrever apenas o email",
              "fullTitle": "1 - [TELA DE LOGIN] Crie a tela de login, onde a pessoa que joga deve preencher as informações para iniciar um jogo Será validado se o botão \"Play\" está desabilitado quando a pessoa jogadora escrever apenas o email",
              "timedOut": null,
              "duration": 458,
              "state": "passed",
              "speed": "fast",
              "pass": true,
              "fail": false,
              "pending": false,
              "context": null,
              "code": "cy.get(INPUT_PLAYER_EMAIL_SELECTOR).type(PLAYER_EMAIL);\ncy.get(BUTTON_PLAY_SELECTOR).should('be.disabled');",
              "err": {},
              "uuid": "83e4a7b2-f39d-4fe7-b0d6-eb56dafbd1f4",
              "parentUUID": "2ab46dd4-0da5-4ffa-a467-ce2a3c386a48",
              "isHook": false,
              "skipped": false
            },
            {
              "title": "Será validado se o botão \"Play\" está habilitado quando a pessoa jogadora preencher os campos de nome e email",
              "fullTitle": "1 - [TELA DE LOGIN] Crie a tela de login, onde a pessoa que joga deve preencher as informações para iniciar um jogo Será validado se o botão \"Play\" está habilitado quando a pessoa jogadora preencher os campos de nome e email",
              "timedOut": null,
              "duration": 822,
              "state": "passed",
              "speed": "fast",
              "pass": true,
              "fail": false,
              "pending": false,
              "context": null,
              "code": "cy.get(INPUT_PLAYER_NAME_SELECTOR).type(PLAYER_NAME);\ncy.get(INPUT_PLAYER_EMAIL_SELECTOR).type(PLAYER_EMAIL);\ncy.get(BUTTON_PLAY_SELECTOR).should('not.be.disabled');",
              "err": {},
              "uuid": "07b9e60c-3668-4219-8d22-bc8858cfac96",
              "parentUUID": "2ab46dd4-0da5-4ffa-a467-ce2a3c386a48",
              "isHook": false,
              "skipped": false
            }
          ],
          "suites": [],
          "passes": [
            "1a6bc0e6-cbfa-41b3-94a4-9a124217dcd3",
            "6349f738-d719-42fb-9c0f-f950f641c6c0",
            "80ac03b3-4a7d-4e3c-b27e-1bb065108037",
            "07b581d1-98a8-430e-ab79-39ef6ae9f8dc",
            "83e4a7b2-f39d-4fe7-b0d6-eb56dafbd1f4",
            "07b9e60c-3668-4219-8d22-bc8858cfac96"
          ],
          "failures": [],
          "pending": [],
          "skipped": [],
          "duration": 3212,
          "root": false,
          "rootEmpty": false,
          "_timeout": 2000
        },
        {
          "uuid": "7f45c0e8-cafb-431a-b5b1-468473f1f267",
          "title": "2 - [TELA DE LOGIN] Crie o botão de iniciar o jogo",
          "fullFile": "",
          "file": "",
          "beforeHooks": [],
          "afterHooks": [],
          "tests": [
            {
              "title": "Será validado se ao clicar no botão \"Play\" o jogo é iniciado salvando um token de jogador e redirecionando para a tela de jogo",
              "fullTitle": "2 - [TELA DE LOGIN] Crie o botão de iniciar o jogo Será validado se ao clicar no botão \"Play\" o jogo é iniciado salvando um token de jogador e redirecionando para a tela de jogo",
              "timedOut": null,
              "duration": 902,
              "state": "passed",
              "speed": "fast",
              "pass": true,
              "fail": false,
              "pending": false,
              "context": null,
              "code": "cy.get(INPUT_PLAYER_NAME_SELECTOR).type(PLAYER_NAME);\ncy.get(INPUT_PLAYER_EMAIL_SELECTOR).type(PLAYER_EMAIL);\ncy.get(BUTTON_PLAY_SELECTOR).click();\ncy.window().its('fetch').should('be.calledWith', FETCH_TOKEN_URL);\ncy.window().its('localStorage.token').should(token => {\n  expect(token).to.equal(tokenResponseMock.token);\n});\ncy.location().should(location => {\n  expect(location.pathname).not.to.eq('/');\n});",
              "err": {},
              "uuid": "4609af89-2ae2-434d-bd9d-bb5ddbdea77a",
              "parentUUID": "7f45c0e8-cafb-431a-b5b1-468473f1f267",
              "isHook": false,
              "skipped": false
            }
          ],
          "suites": [],
          "passes": [
            "4609af89-2ae2-434d-bd9d-bb5ddbdea77a"
          ],
          "failures": [],
          "pending": [],
          "skipped": [],
          "duration": 902,
          "root": false,
          "rootEmpty": false,
          "_timeout": 2000
        },
        {
          "uuid": "e61f9150-4db5-4d31-b166-4429e887cc54",
          "title": "3 - [TELA DE LOGIN] Crie um botão na tela inicial que leve para a tela de configurações",
          "fullFile": "",
          "file": "",
          "beforeHooks": [],
          "afterHooks": [],
          "tests": [
            {
              "title": "Será validado se o botão existe na página",
              "fullTitle": "3 - [TELA DE LOGIN] Crie um botão na tela inicial que leve para a tela de configurações Será validado se o botão existe na página",
              "timedOut": null,
              "duration": 97,
              "state": "passed",
              "speed": "fast",
              "pass": true,
              "fail": false,
              "pending": false,
              "context": null,
              "code": "cy.get(BUTTON_SETTINGS_SELECTOR).should('exist');",
              "err": {},
              "uuid": "317f091d-c9ea-4161-90e7-03b38cd948f2",
              "parentUUID": "e61f9150-4db5-4d31-b166-4429e887cc54",
              "isHook": false,
              "skipped": false
            },
            {
              "title": "Será validado se a tela de configurações possui um título",
              "fullTitle": "3 - [TELA DE LOGIN] Crie um botão na tela inicial que leve para a tela de configurações Será validado se a tela de configurações possui um título",
              "timedOut": null,
              "duration": 195,
              "state": "passed",
              "speed": "fast",
              "pass": true,
              "fail": false,
              "pending": false,
              "context": null,
              "code": "cy.get(BUTTON_SETTINGS_SELECTOR).click();\ncy.get(SETTINGS_TITLE_SELECTOR).should('exist');",
              "err": {},
              "uuid": "0c9c9b60-9220-467a-8eba-f369f77c21f7",
              "parentUUID": "e61f9150-4db5-4d31-b166-4429e887cc54",
              "isHook": false,
              "skipped": false
            }
          ],
          "suites": [],
          "passes": [
            "317f091d-c9ea-4161-90e7-03b38cd948f2",
            "0c9c9b60-9220-467a-8eba-f369f77c21f7"
          ],
          "failures": [],
          "pending": [],
          "skipped": [],
          "duration": 292,
          "root": false,
          "rootEmpty": false,
          "_timeout": 2000
        },
        {
          "uuid": "c5c9c182-e02e-49bf-809e-92ffb26d55b7",
          "title": "4 - [TELA DE LOGIN] Desenvolva testes para atingir 90% de cobertura da tela de Login",
          "fullFile": "",
          "file": "",
          "beforeHooks": [],
          "afterHooks": [],
          "tests": [
            {
              "title": "Verifica a cobertura de testes unitários",
              "fullTitle": "4 - [TELA DE LOGIN] Desenvolva testes para atingir 90% de cobertura da tela de Login Verifica a cobertura de testes unitários",
              "timedOut": null,
              "duration": 2649,
              "state": "passed",
              "speed": "fast",
              "pass": true,
              "fail": false,
              "pending": false,
              "context": null,
              "code": "cy.getCoverage().its('Login.functions.pct', {\n  timeout: 0\n}).should('be.gte', 90.00);\ncy.getCoverage().its('Login.lines.pct', {\n  timeout: 0\n}).should('be.gte', 90.00);",
              "err": {},
              "uuid": "1c6085ee-3bbb-451b-b256-dbc8c2cfed62",
              "parentUUID": "c5c9c182-e02e-49bf-809e-92ffb26d55b7",
              "isHook": false,
              "skipped": false
            }
          ],
          "suites": [],
          "passes": [
            "1c6085ee-3bbb-451b-b256-dbc8c2cfed62"
          ],
          "failures": [],
          "pending": [],
          "skipped": [],
          "duration": 2649,
          "root": false,
          "rootEmpty": false,
          "_timeout": 2000
        }
      ],
      "passes": [],
      "failures": [],
      "pending": [],
      "skipped": [],
      "duration": 0,
      "root": true,
      "rootEmpty": true,
      "_timeout": 2000
    }
  ],
  "meta": {
    "mocha": {
      "version": "7.0.1"
    },
    "mochawesome": {
      "options": {
        "quiet": false,
        "reportFilename": "mochawesome",
        "saveHtml": false,
        "saveJson": true,
        "consoleReporter": "spec",
        "useInlineDiffs": false,
        "code": true
      },
      "version": "7.1.3"
    },
    "marge": {
      "options": {
        "id": "default",
        "reportDir": "cypress/reports",
        "overwrite": false,
        "html": false,
        "json": true
      },
      "version": "6.2.0"
    }
  }
}