{"/home/clecio/Trybe/Projetos/sd-029-b-project-trivia-react-redux/src/App.js": {"path":"/home/clecio/Trybe/Projetos/sd-029-b-project-trivia-react-redux/src/App.js","statementMap":{"0":{"start":{"line":11,"column":2},"end":{"line":21,"column":4}}},"fnMap":{"0":{"name":"App","decl":{"start":{"line":10,"column":24},"end":{"line":10,"column":27}},"loc":{"start":{"line":10,"column":30},"end":{"line":22,"column":1}},"line":10}},"branchMap":{},"s":{"0":5},"f":{"0":5},"b":{},"_coverageSchema":"1a1c01bbd47fc00a2c39e90264f33305004495a9","hash":"94ef9734c1ac2b0174de1debee1cf65b57f2b974"}
,"/home/clecio/Trybe/Projetos/sd-029-b-project-trivia-react-redux/src/components/Header.js": {"path":"/home/clecio/Trybe/Projetos/sd-029-b-project-trivia-react-redux/src/components/Header.js","statementMap":{"0":{"start":{"line":9,"column":43},"end":{"line":9,"column":53}},"1":{"start":{"line":10,"column":4},"end":{"line":20,"column":6}},"2":{"start":{"line":24,"column":0},"end":{"line":27,"column":13}},"3":{"start":{"line":29,"column":24},"end":{"line":31,"column":2}},"4":{"start":{"line":29,"column":36},"end":{"line":31,"column":1}}},"fnMap":{"0":{"name":"(anonymous_0)","decl":{"start":{"line":8,"column":2},"end":{"line":8,"column":3}},"loc":{"start":{"line":8,"column":11},"end":{"line":21,"column":3}},"line":8},"1":{"name":"(anonymous_1)","decl":{"start":{"line":29,"column":24},"end":{"line":29,"column":25}},"loc":{"start":{"line":29,"column":36},"end":{"line":31,"column":1}},"line":29}},"branchMap":{},"s":{"0":5,"1":5,"2":3,"3":3,"4":5},"f":{"0":5,"1":5},"b":{},"_coverageSchema":"1a1c01bbd47fc00a2c39e90264f33305004495a9","hash":"ae2c0f5aba0b9520fb4642192e04ce0c60f110fb"}
,"/home/clecio/Trybe/Projetos/sd-029-b-project-trivia-react-redux/src/components/Questions.js": {"path":"/home/clecio/Trybe/Projetos/sd-029-b-project-trivia-react-redux/src/components/Questions.js","statementMap":{"0":{"start":{"line":9,"column":17},"end":{"line":9,"column":18}},"1":{"start":{"line":10,"column":21},"end":{"line":10,"column":23}},"2":{"start":{"line":11,"column":15},"end":{"line":15,"column":1}},"3":{"start":{"line":18,"column":10},"end":{"line":30,"column":3}},"4":{"start":{"line":33,"column":4},"end":{"line":33,"column":26}},"5":{"start":{"line":36,"column":17},"end":{"line":51,"column":3}},"6":{"start":{"line":37,"column":20},"end":{"line":37,"column":24}},"7":{"start":{"line":38,"column":4},"end":{"line":50,"column":16}},"8":{"start":{"line":39,"column":22},"end":{"line":39,"column":32}},"9":{"start":{"line":40,"column":6},"end":{"line":49,"column":7}},"10":{"start":{"line":41,"column":8},"end":{"line":43,"column":11}},"11":{"start":{"line":45,"column":8},"end":{"line":45,"column":34}},"12":{"start":{"line":46,"column":8},"end":{"line":48,"column":11}},"13":{"start":{"line":53,"column":19},"end":{"line":69,"column":3}},"14":{"start":{"line":54,"column":4},"end":{"line":54,"column":24}},"15":{"start":{"line":55,"column":24},"end":{"line":55,"column":34}},"16":{"start":{"line":56,"column":18},"end":{"line":56,"column":47}},"17":{"start":{"line":57,"column":17},"end":{"line":57,"column":47}},"18":{"start":{"line":58,"column":19},"end":{"line":58,"column":20}},"19":{"start":{"line":60,"column":4},"end":{"line":68,"column":5}},"20":{"start":{"line":61,"column":6},"end":{"line":61,"column":39}},"21":{"start":{"line":62,"column":6},"end":{"line":62,"column":24}},"22":{"start":{"line":64,"column":6},"end":{"line":67,"column":30}},"23":{"start":{"line":71,"column":24},"end":{"line":93,"column":3}},"24":{"start":{"line":72,"column":29},"end":{"line":72,"column":39}},"25":{"start":{"line":74,"column":22},"end":{"line":74,"column":83}},"26":{"start":{"line":76,"column":4},"end":{"line":91,"column":5}},"27":{"start":{"line":77,"column":6},"end":{"line":83,"column":28}},"28":{"start":{"line":85,"column":6},"end":{"line":90,"column":9}},"29":{"start":{"line":92,"column":4},"end":{"line":92,"column":30}},"30":{"start":{"line":95,"column":15},"end":{"line":101,"column":3}},"31":{"start":{"line":96,"column":53},"end":{"line":96,"column":63}},"32":{"start":{"line":97,"column":25},"end":{"line":97,"column":35}},"33":{"start":{"line":98,"column":27},"end":{"line":98,"column":56}},"34":{"start":{"line":99,"column":18},"end":{"line":99,"column":61}},"35":{"start":{"line":100,"column":4},"end":{"line":100,"column":31}},"36":{"start":{"line":103,"column":19},"end":{"line":113,"column":3}},"37":{"start":{"line":104,"column":46},"end":{"line":104,"column":56}},"38":{"start":{"line":105,"column":19},"end":{"line":105,"column":22}},"39":{"start":{"line":106,"column":23},"end":{"line":107,"column":51}},"40":{"start":{"line":108,"column":4},"end":{"line":108,"column":50}},"41":{"start":{"line":108,"column":26},"end":{"line":108,"column":48}},"42":{"start":{"line":109,"column":4},"end":{"line":112,"column":7}},"43":{"start":{"line":115,"column":20},"end":{"line":135,"column":3}},"44":{"start":{"line":116,"column":44},"end":{"line":116,"column":54}},"45":{"start":{"line":117,"column":34},"end":{"line":117,"column":44}},"46":{"start":{"line":118,"column":19},"end":{"line":118,"column":20}},"47":{"start":{"line":120,"column":4},"end":{"line":127,"column":7}},"48":{"start":{"line":129,"column":4},"end":{"line":134,"column":5}},"49":{"start":{"line":130,"column":6},"end":{"line":130,"column":41}},"50":{"start":{"line":131,"column":6},"end":{"line":131,"column":32}},"51":{"start":{"line":133,"column":6},"end":{"line":133,"column":28}},"52":{"start":{"line":140,"column":38},"end":{"line":140,"column":48}},"53":{"start":{"line":141,"column":4},"end":{"line":192,"column":6}},"54":{"start":{"line":174,"column":20},"end":{"line":186,"column":22}},"55":{"start":{"line":196,"column":0},"end":{"line":201,"column":13}}},"fnMap":{"0":{"name":"(anonymous_0)","decl":{"start":{"line":32,"column":2},"end":{"line":32,"column":3}},"loc":{"start":{"line":32,"column":22},"end":{"line":34,"column":3}},"line":32},"1":{"name":"(anonymous_1)","decl":{"start":{"line":36,"column":17},"end":{"line":36,"column":18}},"loc":{"start":{"line":36,"column":23},"end":{"line":51,"column":3}},"line":36},"2":{"name":"(anonymous_2)","decl":{"start":{"line":38,"column":29},"end":{"line":38,"column":30}},"loc":{"start":{"line":38,"column":35},"end":{"line":50,"column":5}},"line":38},"3":{"name":"(anonymous_3)","decl":{"start":{"line":53,"column":19},"end":{"line":53,"column":20}},"loc":{"start":{"line":53,"column":31},"end":{"line":69,"column":3}},"line":53},"4":{"name":"(anonymous_4)","decl":{"start":{"line":71,"column":24},"end":{"line":71,"column":25}},"loc":{"start":{"line":71,"column":40},"end":{"line":93,"column":3}},"line":71},"5":{"name":"(anonymous_5)","decl":{"start":{"line":95,"column":15},"end":{"line":95,"column":16}},"loc":{"start":{"line":95,"column":21},"end":{"line":101,"column":3}},"line":95},"6":{"name":"(anonymous_6)","decl":{"start":{"line":103,"column":19},"end":{"line":103,"column":20}},"loc":{"start":{"line":103,"column":25},"end":{"line":113,"column":3}},"line":103},"7":{"name":"(anonymous_7)","decl":{"start":{"line":108,"column":20},"end":{"line":108,"column":21}},"loc":{"start":{"line":108,"column":26},"end":{"line":108,"column":48}},"line":108},"8":{"name":"(anonymous_8)","decl":{"start":{"line":115,"column":20},"end":{"line":115,"column":21}},"loc":{"start":{"line":115,"column":26},"end":{"line":135,"column":3}},"line":115},"9":{"name":"(anonymous_9)","decl":{"start":{"line":137,"column":2},"end":{"line":137,"column":3}},"loc":{"start":{"line":137,"column":11},"end":{"line":193,"column":3}},"line":137},"10":{"name":"(anonymous_10)","decl":{"start":{"line":173,"column":35},"end":{"line":173,"column":36}},"loc":{"start":{"line":174,"column":20},"end":{"line":186,"column":22}},"line":174}},"branchMap":{"0":{"loc":{"start":{"line":40,"column":6},"end":{"line":49,"column":7}},"type":"if","locations":[{"start":{"line":40,"column":6},"end":{"line":49,"column":7}},{"start":{"line":44,"column":13},"end":{"line":49,"column":7}}],"line":40},"1":{"loc":{"start":{"line":60,"column":4},"end":{"line":68,"column":5}},"type":"if","locations":[{"start":{"line":60,"column":4},"end":{"line":68,"column":5}},{"start":{"line":63,"column":11},"end":{"line":68,"column":5}}],"line":60},"2":{"loc":{"start":{"line":76,"column":4},"end":{"line":91,"column":5}},"type":"if","locations":[{"start":{"line":76,"column":4},"end":{"line":91,"column":5}},{"start":{"line":84,"column":11},"end":{"line":91,"column":5}}],"line":76},"3":{"loc":{"start":{"line":129,"column":4},"end":{"line":134,"column":5}},"type":"if","locations":[{"start":{"line":129,"column":4},"end":{"line":134,"column":5}},{"start":{"line":132,"column":11},"end":{"line":134,"column":5}}],"line":129},"4":{"loc":{"start":{"line":143,"column":10},"end":{"line":143,"column":63}},"type":"binary-expr","locations":[{"start":{"line":143,"column":10},"end":{"line":143,"column":19}},{"start":{"line":143,"column":23},"end":{"line":143,"column":63}}],"line":143},"5":{"loc":{"start":{"line":144,"column":10},"end":{"line":190,"column":17}},"type":"binary-expr","locations":[{"start":{"line":144,"column":10},"end":{"line":144,"column":20}},{"start":{"line":145,"column":10},"end":{"line":190,"column":16}}],"line":144},"6":{"loc":{"start":{"line":148,"column":16},"end":{"line":148,"column":62}},"type":"binary-expr","locations":[{"start":{"line":148,"column":16},"end":{"line":148,"column":34}},{"start":{"line":148,"column":38},"end":{"line":148,"column":62}}],"line":148},"7":{"loc":{"start":{"line":150,"column":16},"end":{"line":158,"column":28}},"type":"binary-expr","locations":[{"start":{"line":150,"column":16},"end":{"line":150,"column":33}},{"start":{"line":151,"column":18},"end":{"line":158,"column":27}}],"line":150},"8":{"loc":{"start":{"line":179,"column":34},"end":{"line":180,"column":40}},"type":"cond-expr","locations":[{"start":{"line":179,"column":61},"end":{"line":179,"column":73}},{"start":{"line":180,"column":26},"end":{"line":180,"column":40}}],"line":179},"9":{"loc":{"start":{"line":181,"column":36},"end":{"line":182,"column":49}},"type":"cond-expr","locations":[{"start":{"line":181,"column":63},"end":{"line":181,"column":79}},{"start":{"line":182,"column":26},"end":{"line":182,"column":49}}],"line":181}},"s":{"0":3,"1":3,"2":3,"3":0,"4":0,"5":0,"6":0,"7":0,"8":0,"9":0,"10":0,"11":0,"12":0,"13":0,"14":0,"15":0,"16":0,"17":0,"18":0,"19":0,"20":0,"21":0,"22":0,"23":0,"24":0,"25":0,"26":0,"27":0,"28":0,"29":0,"30":0,"31":0,"32":0,"33":0,"34":0,"35":0,"36":0,"37":0,"38":0,"39":0,"40":0,"41":0,"42":0,"43":0,"44":0,"45":0,"46":0,"47":0,"48":0,"49":0,"50":0,"51":0,"52":0,"53":0,"54":0,"55":3},"f":{"0":0,"1":0,"2":0,"3":0,"4":0,"5":0,"6":0,"7":0,"8":0,"9":0,"10":0},"b":{"0":[0,0],"1":[0,0],"2":[0,0],"3":[0,0],"4":[0,0],"5":[0,0],"6":[0,0],"7":[0,0],"8":[0,0],"9":[0,0]},"_coverageSchema":"1a1c01bbd47fc00a2c39e90264f33305004495a9","hash":"d76e879cb812cb26d79ae28c50cdd883b1f7a0ce"}
,"/home/clecio/Trybe/Projetos/sd-029-b-project-trivia-react-redux/src/pages/Feedback.js": {"path":"/home/clecio/Trybe/Projetos/sd-029-b-project-trivia-react-redux/src/pages/Feedback.js","statementMap":{"0":{"start":{"line":12,"column":65},"end":{"line":12,"column":75}},"1":{"start":{"line":13,"column":19},"end":{"line":13,"column":20}},"2":{"start":{"line":15,"column":4},"end":{"line":17,"column":5}},"3":{"start":{"line":16,"column":6},"end":{"line":16,"column":58}},"4":{"start":{"line":19,"column":27},"end":{"line":19,"column":70}},"5":{"start":{"line":21,"column":24},"end":{"line":26,"column":5}},"6":{"start":{"line":28,"column":24},"end":{"line":28,"column":56}},"7":{"start":{"line":29,"column":28},"end":{"line":29,"column":73}},"8":{"start":{"line":29,"column":55},"end":{"line":29,"column":72}},"9":{"start":{"line":30,"column":4},"end":{"line":30,"column":69}},"10":{"start":{"line":31,"column":4},"end":{"line":31,"column":37}},"11":{"start":{"line":33,"column":4},"end":{"line":75,"column":6}},"12":{"start":{"line":79,"column":0},"end":{"line":88,"column":13}},"13":{"start":{"line":90,"column":24},"end":{"line":92,"column":2}},"14":{"start":{"line":90,"column":36},"end":{"line":92,"column":1}}},"fnMap":{"0":{"name":"(anonymous_0)","decl":{"start":{"line":11,"column":2},"end":{"line":11,"column":3}},"loc":{"start":{"line":11,"column":11},"end":{"line":76,"column":3}},"line":11},"1":{"name":"(anonymous_1)","decl":{"start":{"line":29,"column":45},"end":{"line":29,"column":46}},"loc":{"start":{"line":29,"column":55},"end":{"line":29,"column":72}},"line":29},"2":{"name":"(anonymous_2)","decl":{"start":{"line":90,"column":24},"end":{"line":90,"column":25}},"loc":{"start":{"line":90,"column":36},"end":{"line":92,"column":1}},"line":90}},"branchMap":{"0":{"loc":{"start":{"line":15,"column":4},"end":{"line":17,"column":5}},"type":"if","locations":[{"start":{"line":15,"column":4},"end":{"line":17,"column":5}},{"start":{},"end":{}}],"line":15},"1":{"loc":{"start":{"line":49,"column":12},"end":{"line":51,"column":81}},"type":"cond-expr","locations":[{"start":{"line":50,"column":14},"end":{"line":50,"column":88}},{"start":{"line":51,"column":14},"end":{"line":51,"column":81}}],"line":49}},"s":{"0":5,"1":5,"2":5,"3":1,"4":5,"5":5,"6":5,"7":5,"8":10,"9":5,"10":5,"11":5,"12":3,"13":3,"14":10},"f":{"0":5,"1":10,"2":10},"b":{"0":[1,4],"1":[5,0]},"_coverageSchema":"1a1c01bbd47fc00a2c39e90264f33305004495a9","hash":"d32add94e4e19e207af6963e1ae41d7ba328eb65"}
,"/home/clecio/Trybe/Projetos/sd-029-b-project-trivia-react-redux/src/pages/Game.js": {"path":"/home/clecio/Trybe/Projetos/sd-029-b-project-trivia-react-redux/src/pages/Game.js","statementMap":{"0":{"start":{"line":9,"column":24},"end":{"line":9,"column":34}},"1":{"start":{"line":10,"column":4},"end":{"line":15,"column":6}},"2":{"start":{"line":19,"column":0},"end":{"line":23,"column":13}}},"fnMap":{"0":{"name":"(anonymous_0)","decl":{"start":{"line":8,"column":2},"end":{"line":8,"column":3}},"loc":{"start":{"line":8,"column":11},"end":{"line":16,"column":3}},"line":8}},"branchMap":{},"s":{"0":0,"1":0,"2":3},"f":{"0":0},"b":{},"_coverageSchema":"1a1c01bbd47fc00a2c39e90264f33305004495a9","hash":"813df3c8e0bc25b247c4799e7611436dcd37ffff"}
,"/home/clecio/Trybe/Projetos/sd-029-b-project-trivia-react-redux/src/pages/Login.js": {"path":"/home/clecio/Trybe/Projetos/sd-029-b-project-trivia-react-redux/src/pages/Login.js","statementMap":{"0":{"start":{"line":10,"column":10},"end":{"line":14,"column":3}},"1":{"start":{"line":17,"column":25},"end":{"line":17,"column":35}},"2":{"start":{"line":18,"column":4},"end":{"line":18,"column":27}},"3":{"start":{"line":21,"column":17},"end":{"line":26,"column":3}},"4":{"start":{"line":22,"column":28},"end":{"line":22,"column":34}},"5":{"start":{"line":23,"column":4},"end":{"line":25,"column":26}},"6":{"start":{"line":28,"column":17},"end":{"line":42,"column":3}},"7":{"start":{"line":29,"column":28},"end":{"line":29,"column":38}},"8":{"start":{"line":30,"column":16},"end":{"line":30,"column":17}},"9":{"start":{"line":31,"column":21},"end":{"line":31,"column":37}},"10":{"start":{"line":33,"column":4},"end":{"line":41,"column":5}},"11":{"start":{"line":34,"column":6},"end":{"line":36,"column":9}},"12":{"start":{"line":38,"column":6},"end":{"line":40,"column":9}},"13":{"start":{"line":44,"column":19},"end":{"line":47,"column":3}},"14":{"start":{"line":45,"column":24},"end":{"line":45,"column":34}},"15":{"start":{"line":46,"column":4},"end":{"line":46,"column":30}},"16":{"start":{"line":49,"column":17},"end":{"line":58,"column":3}},"17":{"start":{"line":50,"column":34},"end":{"line":50,"column":44}},"18":{"start":{"line":52,"column":18},"end":{"line":52,"column":82}},"19":{"start":{"line":53,"column":22},"end":{"line":53,"column":40}},"20":{"start":{"line":54,"column":23},"end":{"line":54,"column":38}},"21":{"start":{"line":55,"column":4},"end":{"line":55,"column":46}},"22":{"start":{"line":56,"column":4},"end":{"line":56,"column":36}},"23":{"start":{"line":57,"column":4},"end":{"line":57,"column":26}},"24":{"start":{"line":61,"column":26},"end":{"line":61,"column":36}},"25":{"start":{"line":62,"column":4},"end":{"line":103,"column":6}},"26":{"start":{"line":107,"column":0},"end":{"line":112,"column":13}}},"fnMap":{"0":{"name":"(anonymous_0)","decl":{"start":{"line":16,"column":2},"end":{"line":16,"column":3}},"loc":{"start":{"line":16,"column":22},"end":{"line":19,"column":3}},"line":16},"1":{"name":"(anonymous_1)","decl":{"start":{"line":21,"column":17},"end":{"line":21,"column":18}},"loc":{"start":{"line":21,"column":33},"end":{"line":26,"column":3}},"line":21},"2":{"name":"(anonymous_2)","decl":{"start":{"line":28,"column":17},"end":{"line":28,"column":18}},"loc":{"start":{"line":28,"column":23},"end":{"line":42,"column":3}},"line":28},"3":{"name":"(anonymous_3)","decl":{"start":{"line":44,"column":19},"end":{"line":44,"column":20}},"loc":{"start":{"line":44,"column":25},"end":{"line":47,"column":3}},"line":44},"4":{"name":"(anonymous_4)","decl":{"start":{"line":49,"column":17},"end":{"line":49,"column":18}},"loc":{"start":{"line":49,"column":29},"end":{"line":58,"column":3}},"line":49},"5":{"name":"(anonymous_5)","decl":{"start":{"line":60,"column":2},"end":{"line":60,"column":3}},"loc":{"start":{"line":60,"column":11},"end":{"line":104,"column":3}},"line":60}},"branchMap":{"0":{"loc":{"start":{"line":33,"column":4},"end":{"line":41,"column":5}},"type":"if","locations":[{"start":{"line":33,"column":4},"end":{"line":41,"column":5}},{"start":{"line":37,"column":11},"end":{"line":41,"column":5}}],"line":33},"1":{"loc":{"start":{"line":33,"column":8},"end":{"line":33,"column":50}},"type":"binary-expr","locations":[{"start":{"line":33,"column":8},"end":{"line":33,"column":29}},{"start":{"line":33,"column":33},"end":{"line":33,"column":50}}],"line":33}},"s":{"0":5,"1":5,"2":5,"3":5,"4":0,"5":0,"6":5,"7":0,"8":0,"9":0,"10":0,"11":0,"12":0,"13":5,"14":1,"15":1,"16":5,"17":0,"18":0,"19":0,"20":0,"21":0,"22":0,"23":0,"24":5,"25":5,"26":3},"f":{"0":5,"1":0,"2":0,"3":1,"4":0,"5":5},"b":{"0":[0,0],"1":[0,0]},"_coverageSchema":"1a1c01bbd47fc00a2c39e90264f33305004495a9","hash":"f82ba9aa959a6895a4082c506fc11d857f1aed03"}
,"/home/clecio/Trybe/Projetos/sd-029-b-project-trivia-react-redux/src/pages/Ranking.js": {"path":"/home/clecio/Trybe/Projetos/sd-029-b-project-trivia-react-redux/src/pages/Ranking.js","statementMap":{"0":{"start":{"line":8,"column":10},"end":{"line":10,"column":3}},"1":{"start":{"line":13,"column":24},"end":{"line":13,"column":67}},"2":{"start":{"line":14,"column":4},"end":{"line":14,"column":35}},"3":{"start":{"line":18,"column":28},"end":{"line":18,"column":38}},"4":{"start":{"line":19,"column":4},"end":{"line":49,"column":6}},"5":{"start":{"line":37,"column":16},"end":{"line":44,"column":22}},"6":{"start":{"line":53,"column":0},"end":{"line":58,"column":13}}},"fnMap":{"0":{"name":"(anonymous_0)","decl":{"start":{"line":12,"column":2},"end":{"line":12,"column":3}},"loc":{"start":{"line":12,"column":22},"end":{"line":15,"column":3}},"line":12},"1":{"name":"(anonymous_1)","decl":{"start":{"line":17,"column":2},"end":{"line":17,"column":3}},"loc":{"start":{"line":17,"column":11},"end":{"line":50,"column":3}},"line":17},"2":{"name":"(anonymous_2)","decl":{"start":{"line":36,"column":19},"end":{"line":36,"column":20}},"loc":{"start":{"line":37,"column":16},"end":{"line":44,"column":22}},"line":37}},"branchMap":{},"s":{"0":1,"1":1,"2":1,"3":2,"4":2,"5":3,"6":3},"f":{"0":1,"1":2,"2":3},"b":{},"_coverageSchema":"1a1c01bbd47fc00a2c39e90264f33305004495a9","hash":"6c26ae5200adb418f16363f31a7a1891b49fdb79"}
,"/home/clecio/Trybe/Projetos/sd-029-b-project-trivia-react-redux/src/pages/Settings.js": {"path":"/home/clecio/Trybe/Projetos/sd-029-b-project-trivia-react-redux/src/pages/Settings.js","statementMap":{"0":{"start":{"line":5,"column":4},"end":{"line":9,"column":6}}},"fnMap":{"0":{"name":"(anonymous_0)","decl":{"start":{"line":4,"column":2},"end":{"line":4,"column":3}},"loc":{"start":{"line":4,"column":11},"end":{"line":10,"column":3}},"line":4}},"branchMap":{},"s":{"0":1},"f":{"0":1},"b":{},"_coverageSchema":"1a1c01bbd47fc00a2c39e90264f33305004495a9","hash":"81244edd532aae2118232c7923cc79c3053a9497"}
}
