{"total": {"lines":{"total":111,"covered":43,"skipped":0,"pct":38.73},"statements":{"total":115,"covered":46,"skipped":0,"pct":40},"functions":{"total":28,"covered":13,"skipped":0,"pct":46.42},"branches":{"total":28,"covered":3,"skipped":0,"pct":10.71},"branchesTrue":{"total":0,"covered":0,"skipped":0,"pct":100}}
,"/home/clecio/Trybe/Projetos/sd-029-b-project-trivia-react-redux/src/App.js": {"lines":{"total":1,"covered":1,"skipped":0,"pct":100},"functions":{"total":1,"covered":1,"skipped":0,"pct":100},"statements":{"total":1,"covered":1,"skipped":0,"pct":100},"branches":{"total":0,"covered":0,"skipped":0,"pct":100}}
,"/home/clecio/Trybe/Projetos/sd-029-b-project-trivia-react-redux/src/components/Header.js": {"lines":{"total":4,"covered":4,"skipped":0,"pct":100},"functions":{"total":2,"covered":2,"skipped":0,"pct":100},"statements":{"total":5,"covered":5,"skipped":0,"pct":100},"branches":{"total":0,"covered":0,"skipped":0,"pct":100}}
,"/home/clecio/Trybe/Projetos/sd-029-b-project-trivia-react-redux/src/components/Questions.js": {"lines":{"total":55,"covered":4,"skipped":0,"pct":7.27},"functions":{"total":11,"covered":0,"skipped":0,"pct":0},"statements":{"total":56,"covered":4,"skipped":0,"pct":7.14},"branches":{"total":20,"covered":0,"skipped":0,"pct":0}}
,"/home/clecio/Trybe/Projetos/sd-029-b-project-trivia-react-redux/src/pages/Feedback.js": {"lines":{"total":13,"covered":13,"skipped":0,"pct":100},"functions":{"total":3,"covered":3,"skipped":0,"pct":100},"statements":{"total":15,"covered":15,"skipped":0,"pct":100},"branches":{"total":4,"covered":3,"skipped":0,"pct":75}}
,"/home/clecio/Trybe/Projetos/sd-029-b-project-trivia-react-redux/src/pages/Game.js": {"lines":{"total":3,"covered":1,"skipped":0,"pct":33.33},"functions":{"total":1,"covered":0,"skipped":0,"pct":0},"statements":{"total":3,"covered":1,"skipped":0,"pct":33.33},"branches":{"total":0,"covered":0,"skipped":0,"pct":100}}
,"/home/clecio/Trybe/Projetos/sd-029-b-project-trivia-react-redux/src/pages/Login.js": {"lines":{"total":27,"covered":12,"skipped":0,"pct":44.44},"functions":{"total":6,"covered":3,"skipped":0,"pct":50},"statements":{"total":27,"covered":12,"skipped":0,"pct":44.44},"branches":{"total":4,"covered":0,"skipped":0,"pct":0}}
,"/home/clecio/Trybe/Projetos/sd-029-b-project-trivia-react-redux/src/pages/Ranking.js": {"lines":{"total":7,"covered":7,"skipped":0,"pct":100},"functions":{"total":3,"covered":3,"skipped":0,"pct":100},"statements":{"total":7,"covered":7,"skipped":0,"pct":100},"branches":{"total":0,"covered":0,"skipped":0,"pct":100}}
,"/home/clecio/Trybe/Projetos/sd-029-b-project-trivia-react-redux/src/pages/Settings.js": {"lines":{"total":1,"covered":1,"skipped":0,"pct":100},"functions":{"total":1,"covered":1,"skipped":0,"pct":100},"statements":{"total":1,"covered":1,"skipped":0,"pct":100},"branches":{"total":0,"covered":0,"skipped":0,"pct":100}}
}
